<?xml version="1.0" encoding="UTF-8"?>
<!-- Generated by org.testng.reporters.JUnitReportReporter -->
<testsuite hostname="LAPTOP-42O8STSA" failures="0" tests="1" name="Runner.TestRunner1" time="24.136" errors="0" timestamp="2025-07-12T17:17:33 IST" skipped="0">
  <testcase classname="Runner.TestRunner1" name="runScenario" time="24.136"/>
</testsuite> <!-- Runner.TestRunner1 -->
